Sencha Cmd 6.0.2.14 - Crash report
================================================
An error occurred while executing the following command: build

Diagnostic information:
=======================
                      app.bootstrap.base : D:\kahunja\apps\Inventory2\src\main\webapp        
                           app.classpath : D:\kahunja\apps\Inventory2\src\main\webapp/app,D:\kahunja\apps\Inventory2\src\main\webapp/app.js,D:\kahunja\apps\Inventory2\src\main\webapp/overrides
                         app.cmd.version : 6.0.2.14                                          
                          app.config.dir : D:\kahunja\apps\Inventory2\src\main\webapp\.sencha\app
                                 app.dir : D:\kahunja\apps\Inventory2\src\main\webapp        
                           app.framework : ext                                               
                   app.framework.version : 4.2.1.883                                         
                                  app.id : bcb61b9d-6783-402f-a2b6-fa5d611f273d              
                       app.indexHtmlPath : index.html                                        
                                app.name : InventoryApp                                      
                         app.output.base : D:\kahunja\apps\Inventory2\src\main\webapp/build/${build.environment}/InventoryApp
                           app.page.name : index.html                                        
                      app.requires.names :                                                   
                   app.requires.packages :                                                   
                      app.resource.paths : D:\kahunja\apps\Inventory2\src\main\webapp/resources
                        app.sass.etcpath : D:\kahunja\apps\Inventory2\src\main\webapp/sass/etc/all.scss
                      app.sass.namespace : InventoryApp                                      
                        app.sass.srcpath : D:\kahunja\apps\Inventory2\src\main\webapp/sass/src
                        app.sass.varpath : D:\kahunja\apps\Inventory2\src\main\webapp/sass/var
        app.slicer.js.0.isWidgetManifest : true                                              
                    app.slicer.js.0.path : D:\kahunja\apps\Inventory2\src\main\webapp/sass/example/custom.js
                    app.slicer.js.length : 1                                                 
         app.testing.output.cache.enable : false                                             
        app.testing.output.deltas.enable : false                                             
                               app.theme : ext-theme-classic                                 
                        app.web.mappings : D:\kahunja\apps\Inventory2\src\main\webapp        
                            app.web.port : 1841                                              
                    buildenvironment.dir : D:\kahunja\apps\Inventory2\src\main\webapp        
               buildenvironment.load.dir : D:\kahunja\apps\Inventory2\src\main\webapp        
                          cmd.config.dir : C:\Users\kimkahunja\bin\Sencha\Cmd\6.0.2.14       
                                 cmd.dir : C:\Users\kimkahunja\bin\Sencha\Cmd\6.0.2.14       
                    cmd.framework.minver : 4.2.0                                             
                   cmd.framework.version : 4.2.99.99999                                      
                            cmd.jvm.args : -Xms128m -Xmx1024m -Dapple.awt.UIElement=true     
              cmd.merge.tool.args.araxis : -wait -merge -3 -a1 {base} {user} {generated} {out}
              cmd.merge.tool.args.kdiff3 : {base} {user} {generated} -o {out}                
             cmd.merge.tool.args.p4merge : {base} {user} {generated} {out}                   
           cmd.merge.tool.args.smartsync : {user} {generated} {base}                         
          cmd.merge.tool.args.sourcegear : --merge --result={out} {user} {base} {generated}  
            cmd.merge.tool.args.tortoise : -base:{base} -theirs:{generated} -mine:{user} -merged:{out}
                              cmd.minver : 3.0.0.0                                           
                            cmd.platform : windows                                           
                         cmd.server.port : 1841                                              
                     cmd.unicode.escapes : C:\Users\kimkahunja\bin\Sencha\Cmd\6.0.2.14/unicode-escapes.json
                             cmd.version : 6.0.2.14                                          
                            cmd.web.port : 1841                                              
                     config.skipDownload : true                                              
                      config.skipInherit : false                                             
                                 ext.dir : D:\kahunja\apps\Inventory2\src\main\webapp/ext    
                     framework.classpath : D:\kahunja\apps\Inventory2\src\main\webapp\ext/src
                    framework.cmd.minver : 3.1.0.206                                         
                   framework.cmd.version : 3.1.2.342                                         
                    framework.config.dir : C:\Users\kimkahunja\bin\Sencha\Cmd\6.0.2.14\plugins\ext\4.2
                           framework.dir : D:\kahunja\apps\Inventory2\src\main\webapp\ext    
                          framework.name : ext                                               
                  framework.packages.dir : D:\kahunja\apps\Inventory2\src\main\webapp\ext/packages
                       framework.version : 4.2.1.883                                         
                       inspector.address : http://localhost:1839/                            
                          repo.local.dir : C:\Users\kimkahunja\bin\Sencha\Cmd\repo           
        system.java.net.useSystemProxies : true                                              
                        theme.base.names : ext-theme-base,ext-theme-neutral,ext-theme-classic
                     theme.base.packages : D:\kahunja\apps\Inventory2\src\main\webapp\ext\packages\ext-theme-base,D:\kahunja\apps\Inventory2\src\main\webapp\ext\packages\ext-theme-neutral,D:\kahunja\apps\Inventory2\src\main\webapp\ext\packages\ext-theme-classic
                              theme.name : ext-theme-classic                                 
                     workspace.build.dir : D:\kahunja\apps\Inventory2\src\main\webapp/build  
                   workspace.cmd.version : 5.1.3.61                                          
                    workspace.config.dir : D:\kahunja\apps\Inventory2\src\main\webapp\.sencha\workspace
                           workspace.dir : D:\kahunja\apps\Inventory2\src\main\webapp        
                  workspace.packages.dir : D:\kahunja\apps\Inventory2\src\main\webapp/packages/local,D:\kahunja\apps\Inventory2\src\main\webapp/packages
              workspace.packages.extract : D:\kahunja\apps\Inventory2\src\main\webapp/packages/remote
                     workspace.theme.dir : D:\kahunja\apps\Inventory2\src\main\webapp/packages/local,D:\kahunja\apps\Inventory2\src\main\webapp/packages/${args.themeName}

Exception information:
=======================
java.lang.NullPointerException
     at java.io.File.<init>(Unknown Source)
     at com.sencha.util.FileUtil.readFile(FileUtil.java:157)
     at com.sencha.tools.compiler.jsb.projects.JsbBuilder.processBuild(JsbBuilder.java:29)
     at com.sencha.command.build.JsbCommand.execute(JsbCommand.java:15)
     at sun.reflect.NativeMethodAccessorImpl.invoke0(Native Method)
     at sun.reflect.NativeMethodAccessorImpl.invoke(Unknown Source)
     at sun.reflect.DelegatingMethodAccessorImpl.invoke(Unknown Source)
     at java.lang.reflect.Method.invoke(Unknown Source)
     at com.sencha.util.MethodInvoker$Arguments.invoke(MethodInvoker.java:175)
     at com.sencha.cli.Command.dispatch(Command.java:43)
     at com.sencha.cli.Commands.dispatch(Commands.java:64)
     at com.sencha.command.Sencha.dispatch(Sencha.java:74)
     at com.sencha.command.Sencha.main(Sencha.java:142)
     at sun.reflect.NativeMethodAccessorImpl.invoke0(Native Method)
     at sun.reflect.NativeMethodAccessorImpl.invoke(Unknown Source)
     at sun.reflect.DelegatingMethodAccessorImpl.invoke(Unknown Source)
     at java.lang.reflect.Method.invoke(Unknown Source)
     at com.exe4j.runtime.LauncherEngine.launch(Unknown Source)
     at com.exe4j.runtime.WinLauncher.main(Unknown Source)
     at com.install4j.runtime.launcher.WinLauncher.main(Unknown Source)

